<?xml version="1.0" encoding="UTF-8"?>
<testng-results ignored="0" total="1" passed="1" failed="0" skipped="0">
  <reporter-output>
    <line>
      <![CDATA[Local : Chrome Browser Lauched]]>
    </line>
    <line>
      <![CDATA[Maximize the browser]]>
    </line>
    <line>
      <![CDATA[Enter the URL : https://pos.aksharatraining.in/pos/public/]]>
    </line>
    <line>
      <![CDATA[Set ITO : 10]]>
    </line>
    <line>
      <![CDATA[Set ETO : 20]]>
    </line>
    <line>
      <![CDATA[HomePage is Displayed]]>
    </line>
    <line>
      <![CDATA[validLogin]]>
    </line>
    <line>
      <![CDATA[validLoginTestCase is Passed , Screenshot is NOT taken]]>
    </line>
    <line>
      <![CDATA[Browser is closed]]>
    </line>
  </reporter-output>
  <suite started-at="2024-02-16T13:11:14 IST" name="Suite" finished-at="2024-02-16T13:11:23 IST" duration-ms="9201">
    <groups>
    </groups>
    <test started-at="2024-02-16T13:11:14 IST" name="TestChrome" finished-at="2024-02-16T13:11:23 IST" duration-ms="9201">
      <class name="scripts.Test1">
        <test-method is-config="true" signature="launchApp(java.lang.String,java.lang.String,java.lang.String,java.lang.String)[pri:0, instance:scripts.Test1@5b8dfcc1]" started-at="2024-02-16T13:11:14 IST" name="launchApp" finished-at="2024-02-16T13:11:19 IST" duration-ms="4959" status="PASS">
          <params>
            <param index="0">
              <value>
                <![CDATA[No]]>
              </value>
            </param>
            <param index="1">
              <value>
                <![CDATA[http://192.168.100.84:4444]]>
              </value>
            </param>
            <param index="2">
              <value>
                <![CDATA[Chrome]]>
              </value>
            </param>
            <param index="3">
              <value>
                <![CDATA[./qa_env.properties]]>
              </value>
            </param>
          </params>
          <reporter-output>
            <line>
              <![CDATA[Local : Chrome Browser Lauched]]>
            </line>
            <line>
              <![CDATA[Maximize the browser]]>
            </line>
            <line>
              <![CDATA[Enter the URL : https://pos.aksharatraining.in/pos/public/]]>
            </line>
            <line>
              <![CDATA[Set ITO : 10]]>
            </line>
            <line>
              <![CDATA[Set ETO : 20]]>
            </line>
          </reporter-output>
        </test-method> <!-- launchApp -->
        <test-method signature="validLogin()[pri:0, instance:scripts.Test1@5b8dfcc1]" started-at="2024-02-16T13:11:19 IST" name="validLogin" finished-at="2024-02-16T13:11:22 IST" duration-ms="3857" status="PASS">
          <reporter-output>
            <line>
              <![CDATA[HomePage is Displayed]]>
            </line>
          </reporter-output>
        </test-method> <!-- validLogin -->
        <test-method is-config="true" signature="closeApp(org.testng.ITestResult)[pri:0, instance:scripts.Test1@5b8dfcc1]" started-at="2024-02-16T13:11:22 IST" name="closeApp" finished-at="2024-02-16T13:11:23 IST" duration-ms="329" status="PASS">
          <params>
            <param index="0">
              <value>
                <![CDATA[[TestResult name=validLogin status=SUCCESS method=Test1.validLogin()[pri:0, instance:scripts.Test1@5b8dfcc1] output=HomePage is Displayed]]]>
              </value>
            </param>
          </params>
          <reporter-output>
            <line>
              <![CDATA[validLogin]]>
            </line>
            <line>
              <![CDATA[validLoginTestCase is Passed , Screenshot is NOT taken]]>
            </line>
            <line>
              <![CDATA[Browser is closed]]>
            </line>
          </reporter-output>
        </test-method> <!-- closeApp -->
      </class> <!-- scripts.Test1 -->
    </test> <!-- TestChrome -->
  </suite> <!-- Suite -->
</testng-results>
